Using pre-set license
Built from '2020.3/staging' branch; Version is '2020.3.17f1 (a4537701e4ab) revision 10769271'; Using compiler version '192528614'; Build Type 'Release'
OS: 'Windows 10 Home; OS build 22000.493; Version 2009; 64bit' Language: 'en' Physical Memory: 15724 MB
BatchMode: 1, IsHumanControllingUs: 0, StartBugReporterOnCrash: 0, Is64bit: 1, IsPro: 0

COMMAND LINE ARGUMENTS:
D:\Program\Unity\Editor\Unity.exe
-adb2
-batchMode
-noUpm
-name
AssetImportWorker0
-projectPath
E:/UXG1175-ScriptingLanguages/uxg1175Groupproject
-logFile
Logs/AssetImportWorker0.log
-srvPort
55410
Successfully changed project path to: E:/UXG1175-ScriptingLanguages/uxg1175Groupproject
E:/UXG1175-ScriptingLanguages/uxg1175Groupproject
Using Asset Import Pipeline V2.
Refreshing native plugins compatible for Editor in 77.13 ms, found 3 plugins.
Preloading 0 native plugins for Editor in 0.00 ms.
Initialize engine version: 2020.3.17f1 (a4537701e4ab)
[Subsystems] Discovering subsystems at path D:/Program/Unity/Editor/Data/Resources/UnitySubsystems
[Subsystems] Discovering subsystems at path E:/UXG1175-ScriptingLanguages/uxg1175Groupproject/Assets
GfxDevice: creating device client; threaded=0
Direct3D:
    Version:  Direct3D 11.0 [level 11.1]
    Renderer: NVIDIA GeForce RTX 3050 Ti Laptop GPU (ID=0x25a0)
    Vendor:   
    VRAM:     3990 MB
    Driver:   27.21.14.6179
Initialize mono
Mono path[0] = 'D:/Program/Unity/Editor/Data/Managed'
Mono path[1] = 'D:/Program/Unity/Editor/Data/MonoBleedingEdge/lib/mono/unityjit'
Mono config path = 'D:/Program/Unity/Editor/Data/MonoBleedingEdge/etc'
Using monoOptions --debugger-agent=transport=dt_socket,embedding=1,server=y,suspend=n,address=127.0.0.1:56488
Begin MonoManager ReloadAssembly
Registering precompiled unity dll's ...
Register platform support module: D:/Program/Unity/Editor/Data/PlaybackEngines/WindowsStandaloneSupport/UnityEditor.WindowsStandalone.Extensions.dll
Registered in 0.001728 seconds.
Native extension for WindowsStandalone target not found
Refreshing native plugins compatible for Editor in 80.67 ms, found 3 plugins.
Preloading 0 native plugins for Editor in 0.00 ms.
Mono: successfully reloaded assembly
- Completed reload, in  2.677 seconds
Domain Reload Profiling:
	ReloadAssembly (2678ms)
		BeginReloadAssembly (141ms)
			ExecutionOrderSort (0ms)
			DisableScriptedObjects (0ms)
			BackupInstance (0ms)
			ReleaseScriptingObjects (0ms)
			CreateAndSetChildDomain (1ms)
		EndReloadAssembly (813ms)
			LoadAssemblies (140ms)
			RebuildTransferFunctionScriptingTraits (0ms)
			SetupTypeCache (280ms)
			ReleaseScriptCaches (0ms)
			RebuildScriptCaches (56ms)
			SetupLoadedEditorAssemblies (347ms)
				LogAssemblyErrors (0ms)
				InitializePlatformSupportModulesInManaged (8ms)
				SetLoadedEditorAssemblies (0ms)
				RefreshPlugins (81ms)
				BeforeProcessingInitializeOnLoad (28ms)
				ProcessInitializeOnLoadAttributes (173ms)
				ProcessInitializeOnLoadMethodAttributes (57ms)
				AfterProcessingInitializeOnLoad (0ms)
				EditorAssembliesLoaded (0ms)
			ExecutionOrderSort2 (0ms)
			AwakeInstancesAfterBackupRestoration (0ms)
Platform modules already initialized, skipping
Registering precompiled user dll's ...
Registered in 0.007807 seconds.
Begin MonoManager ReloadAssembly
Native extension for WindowsStandalone target not found
Refreshing native plugins compatible for Editor in 80.04 ms, found 3 plugins.
Preloading 0 native plugins for Editor in 0.00 ms.
Mono: successfully reloaded assembly
- Completed reload, in  2.322 seconds
Domain Reload Profiling:
	ReloadAssembly (2323ms)
		BeginReloadAssembly (314ms)
			ExecutionOrderSort (0ms)
			DisableScriptedObjects (9ms)
			BackupInstance (0ms)
			ReleaseScriptingObjects (0ms)
			CreateAndSetChildDomain (47ms)
		EndReloadAssembly (1911ms)
			LoadAssemblies (231ms)
			RebuildTransferFunctionScriptingTraits (0ms)
			SetupTypeCache (565ms)
			ReleaseScriptCaches (1ms)
			RebuildScriptCaches (85ms)
			SetupLoadedEditorAssemblies (869ms)
				LogAssemblyErrors (0ms)
				InitializePlatformSupportModulesInManaged (7ms)
				SetLoadedEditorAssemblies (0ms)
				RefreshPlugins (80ms)
				BeforeProcessingInitializeOnLoad (130ms)
				ProcessInitializeOnLoadAttributes (622ms)
				ProcessInitializeOnLoadMethodAttributes (27ms)
				AfterProcessingInitializeOnLoad (3ms)
				EditorAssembliesLoaded (0ms)
			ExecutionOrderSort2 (0ms)
			AwakeInstancesAfterBackupRestoration (14ms)
Platform modules already initialized, skipping
========================================================================
Worker process is ready to serve import requests
Launched and connected shader compiler UnityShaderCompiler.exe after 0.13 seconds
Refreshing native plugins compatible for Editor in 0.97 ms, found 3 plugins.
Preloading 0 native plugins for Editor in 0.00 ms.
Unloading 2102 Unused Serialized files (Serialized files now loaded: 0)
System memory in use before: 93.3 MB.
System memory in use after: 93.4 MB.

Unloading 28 unused Assets to reduce memory usage. Loaded Objects now: 2540.
Total: 5.838300 ms (FindLiveObjects: 0.342100 ms CreateObjectMapping: 0.122900 ms MarkObjects: 5.110500 ms  DeleteObjects: 0.260500 ms)

AssetImportParameters requested are different than current active one (requested -> active):
  custom:framework-win-MediaFoundation: 216162199b28c13a410421893ffa2e32 -> 
  custom:video-decoder-ogg-theora: a1e56fd34408186e4bbccfd4996cb3dc -> 
  custom:container-muxer-webm: aa71ff27fc2769a1b78a27578f13a17b -> 
  custom:container-demuxer-webm: 4f35f7cbe854078d1ac9338744f61a02 -> 
  custom:container-demuxer-ogg: 62fdf1f143b41e24485cea50d1cbac27 -> 
  custom:video-encoder-webm-vp8: eb34c28f22e8b96e1ab97ce403110664 -> 
  custom:video-decoder-webm-vp8: 9c59270c3fd7afecdb556c50c9e8de78 -> 
  custom:audio-decoder-ogg-vorbis: bf7c407c2cedff20999df2af8eb42d56 -> 
  custom:audio-encoder-webm-vorbis: bf7c407c2cedff20999df2af8eb42d56 -> 
========================================================================
Received Import Request.
  path: Assets/Scenes/SampleScene.unity
  artifactKey: Guid(2cda990e2423bbf4892e6590ba056729) Importer(815301076,1909f56bfc062723c751e8b465ee728b)
Start importing Assets/Scenes/SampleScene.unity using Guid(2cda990e2423bbf4892e6590ba056729) Importer(815301076,1909f56bfc062723c751e8b465ee728b)  -> (artifact id: 'aa27944bdea339c97c39027c7eea529c') in 0.026634 seconds 
  Import took 0.032438 seconds .

========================================================================
Received Import Request.
  Time since last request: 0.001050 seconds.
  path: Assets/Scenes/LoadScreen.unity
  artifactKey: Guid(1afb39bfc0251fa4bbebfb5e33610e7f) Importer(815301076,1909f56bfc062723c751e8b465ee728b)
Start importing Assets/Scenes/LoadScreen.unity using Guid(1afb39bfc0251fa4bbebfb5e33610e7f) Importer(815301076,1909f56bfc062723c751e8b465ee728b)  -> (artifact id: 'f0148f0500df74d6abc9da1c6c68146d') in 0.005268 seconds 
  Import took 0.010027 seconds .

========================================================================
Received Import Request.
  Time since last request: 10.365993 seconds.
  path: Assets/Scenes
  artifactKey: Guid(a341c07c3203c614fb9f7d733539476f) Importer(815301076,1909f56bfc062723c751e8b465ee728b)
Start importing Assets/Scenes using Guid(a341c07c3203c614fb9f7d733539476f) Importer(815301076,1909f56bfc062723c751e8b465ee728b)  -> (artifact id: 'ed28fb3263fb085c983a671702038c66') in 0.006165 seconds 
  Import took 0.012347 seconds .

========================================================================
Received Import Request.
  Time since last request: 0.001507 seconds.
  path: Assets/Scenes
  artifactKey: Guid(a341c07c3203c614fb9f7d733539476f) Importer(815301076,1909f56bfc062723c751e8b465ee728b)
Start importing Assets/Scenes using Guid(a341c07c3203c614fb9f7d733539476f) Importer(815301076,1909f56bfc062723c751e8b465ee728b)  -> (artifact id: 'ed28fb3263fb085c983a671702038c66') in 0.006137 seconds 
  Import took 0.012816 seconds .

========================================================================
Received Import Request.
  Time since last request: 19.879092 seconds.
  path: Assets/Scenes/vic testing.unity
  artifactKey: Guid(3d5fc13a11e88e1419837b00ccc54c23) Importer(815301076,1909f56bfc062723c751e8b465ee728b)
Start importing Assets/Scenes/vic testing.unity using Guid(3d5fc13a11e88e1419837b00ccc54c23) Importer(815301076,1909f56bfc062723c751e8b465ee728b)  -> (artifact id: '127a3a38e22b5c7816dcae35c591b3d4') in 0.006608 seconds 
  Import took 0.013822 seconds .

========================================================================
Received Import Request.
  Time since last request: 21.814735 seconds.
  path: Packages/com.unity.2d.sprite
  artifactKey: Guid(0901a6b758d060e9422c4f8d588d5895) Importer(815301076,1909f56bfc062723c751e8b465ee728b)
Start importing Packages/com.unity.2d.sprite using Guid(0901a6b758d060e9422c4f8d588d5895) Importer(815301076,1909f56bfc062723c751e8b465ee728b)  -> (artifact id: '1ac9f0859ed1eccac4506b3b2480e9d0') in 0.008017 seconds 
  Import took 0.015686 seconds .

========================================================================
Received Import Request.
  Time since last request: 1.623324 seconds.
  path: Packages/com.unity.2d.sprite/package.json
  artifactKey: Guid(7dc5f1e5d04ac8549ac21802071e983b) Importer(815301076,1909f56bfc062723c751e8b465ee728b)
Start importing Packages/com.unity.2d.sprite/package.json using Guid(7dc5f1e5d04ac8549ac21802071e983b) Importer(815301076,1909f56bfc062723c751e8b465ee728b)  -> (artifact id: 'ff87128bdf6981a9843158b29f26b2df') in 0.073913 seconds 
  Import took 0.080992 seconds .

========================================================================
Received Import Request.
  Time since last request: 5.409083 seconds.
  path: Packages/com.unity.2d.sprite/Tests
  artifactKey: Guid(7e2656e167a517b4d8552ba38f4b7bbe) Importer(815301076,1909f56bfc062723c751e8b465ee728b)
Start importing Packages/com.unity.2d.sprite/Tests using Guid(7e2656e167a517b4d8552ba38f4b7bbe) Importer(815301076,1909f56bfc062723c751e8b465ee728b)  -> (artifact id: 'e7c2fff4ccefa8c3c7b682e8bb96f3a8') in 0.008839 seconds 
  Import took 0.018156 seconds .

========================================================================
Received Import Request.
  Time since last request: 5.946609 seconds.
  path: Packages/com.unity.2d.sprite/Editor/Unity.2D.Sprite.Editor.asmdef
  artifactKey: Guid(2c573e6b271651846a79655161004c5b) Importer(815301076,1909f56bfc062723c751e8b465ee728b)
Start importing Packages/com.unity.2d.sprite/Editor/Unity.2D.Sprite.Editor.asmdef using Guid(2c573e6b271651846a79655161004c5b) Importer(815301076,1909f56bfc062723c751e8b465ee728b)  -> (artifact id: '75d9bb45d92a02f508ba32d52934c281') in 0.016785 seconds 
  Import took 0.024204 seconds .

========================================================================
Received Import Request.
  Time since last request: 8.265190 seconds.
  path: Packages/com.unity.ide.visualstudio/package.json
  artifactKey: Guid(656f74f6edaa396458412b9e3903d8cd) Importer(815301076,1909f56bfc062723c751e8b465ee728b)
Start importing Packages/com.unity.ide.visualstudio/package.json using Guid(656f74f6edaa396458412b9e3903d8cd) Importer(815301076,1909f56bfc062723c751e8b465ee728b)  -> (artifact id: 'd46db23716272956467c90831c6c24d6') in 0.006373 seconds 
  Import took 0.013572 seconds .

========================================================================
Received Import Request.
  Time since last request: 0.751560 seconds.
  path: Packages/com.unity.collab-proxy/package.json
  artifactKey: Guid(743fda8c4b219c8429fb5a77ede1c879) Importer(815301076,1909f56bfc062723c751e8b465ee728b)
Start importing Packages/com.unity.collab-proxy/package.json using Guid(743fda8c4b219c8429fb5a77ede1c879) Importer(815301076,1909f56bfc062723c751e8b465ee728b)  -> (artifact id: '092c13d73caf3efea5105fdb62b7faf6') in 0.006141 seconds 
  Import took 0.026687 seconds .

========================================================================
Received Import Request.
  Time since last request: 0.608954 seconds.
  path: Packages/com.unity.timeline/package.json
  artifactKey: Guid(13a9c1b4df2e489e8eb9cacca7429596) Importer(815301076,1909f56bfc062723c751e8b465ee728b)
Start importing Packages/com.unity.timeline/package.json using Guid(13a9c1b4df2e489e8eb9cacca7429596) Importer(815301076,1909f56bfc062723c751e8b465ee728b)  -> (artifact id: '82c6c08db8f434b9305b26de0687e812') in 0.006052 seconds 
  Import took 0.013448 seconds .

========================================================================
Received Import Request.
  Time since last request: 1.396520 seconds.
  path: Packages/com.unity.mathematics/package.json
  artifactKey: Guid(d34d0af25c21141a98c0cf3c0066444f) Importer(815301076,1909f56bfc062723c751e8b465ee728b)
Start importing Packages/com.unity.mathematics/package.json using Guid(d34d0af25c21141a98c0cf3c0066444f) Importer(815301076,1909f56bfc062723c751e8b465ee728b)  -> (artifact id: '421048e766e0d8e0b608a2d58a809366') in 0.007297 seconds 
  Import took 0.013911 seconds .

AssetImportWorkerClient::OnTransportError - code=2 error=End of file
